<?xml version="1.0" encoding="UTF-8" ?>
<testsuite tests="1" failures="0" name="com.acme.basic.HelloWorldTest" time="0.005" errors="0" skipped="0">
  <properties>
    <property name="java.runtime.name" value="Java(TM) SE Runtime Environment"/>
    <property name="java.vm.version" value="17.0.6+9-LTS-190"/>
    <property name="sun.boot.library.path" value="C:\JPMC\DEV\TMP\ds\tools\jdk17\latest\bin"/>
    <property name="maven.multiModuleProjectDirectory" value="I:\ds\sonar-demo-local\sonarjavamavenbasicprimer"/>
    <property name="java.vm.vendor" value="Oracle Corporation"/>
    <property name="java.vendor.url" value="https://java.oracle.com/"/>
    <property name="guice.disable.misplaced.annotation.check" value="true"/>
    <property name="path.separator" value=";"/>
    <property name="java.vm.name" value="Java HotSpot(TM) 64-Bit Server VM"/>
    <property name="sun.os.patch.level" value=""/>
    <property name="user.script" value=""/>
    <property name="user.country" value="GB"/>
    <property name="sun.java.launcher" value="SUN_STANDARD"/>
    <property name="java.vm.specification.name" value="Java Virtual Machine Specification"/>
    <property name="user.dir" value="I:\ds\sonar-demo-local\sonarjavamavenbasicprimer"/>
    <property name="java.vm.compressedOopsMode" value="Zero based"/>
    <property name="sonar.password" value="Sonar9595"/>
    <property name="java.runtime.version" value="17.0.6+9-LTS-190"/>
    <property name="os.arch" value="amd64"/>
    <property name="java.io.tmpdir" value="C:\Users\F733591\AppData\Local\Temp\1\"/>
    <property name="line.separator" value="
"/>
    <property name="java.vm.specification.vendor" value="Oracle Corporation"/>
    <property name="user.variant" value=""/>
    <property name="os.name" value="Windows Server 2016"/>
    <property name="classworlds.conf" value="C:\JPMC\DEV\TMP\ds\tools\maven3.8\latest\bin\m2.conf"/>
    <property name="sun.jnu.encoding" value="Cp1252"/>
    <property name="sonar.login" value="admin"/>
    <property name="java.library.path" value="C:\JPMC\DEV\TMP\ds\tools\jdk17\latest\bin;C:\windows\Sun\Java\bin;C:\windows\system32;C:\windows;C:\JPMC\DEV\TMP\ds\tools\techlabs-cli\latest;C:\JPMC\DEV\TMP\ds\tools\postman\latest;C:\JPMC\DEV\TMP\ds\tools\ondemand\latest;C:\JPMC\DEV\TMP\ds\tools\npp\latest;C:\JPMC\DEV\TMP\ds\tools\make\latest\bin\;C:\JPMC\DEV\TMP\ds\tools\klogin\latest;C:\JPMC\DEV\TMP\ds\tools\kickstart-cli\latest;C:\JPMC\DEV\TMP\ds\tools\git\latest\cmd;C:\JPMC\DEV\TMP\ds\tools\git\latest\usr\bin;C:\Program Files\Oracle\VirtualBox\;C:\JPMC\DEV\TMP\ds\tools\docker-toolbox\latest\bin\;C:\JPMC\DEV\TMP\ds\tools\curl\latest\bin;C:\JPMC\DEV\TMP\ds\tools\clink\latest;C:\JPMC\DEV\TMP\ds\.npm12;C:\JPMC\DEV\TMP\ds\tools\nodejs12\latest;C:\JPMC\DEV\TMP\ds\tools\maven3.8\latest\bin;C:\JPMC\DEV\TMP\ds\tools\kubectl1.21\latest;C:\JPMC\DEV\TMP\ds\tools\jdk17\latest\bin;C:\JPMC\DEV\TMP\ds\tools\gradle7\latest\bin;C:\JPMC\DEV\TMP\ds\tools\go1.19\latest\bin;C:\JPMC\DEV\TMP\ds\data\go1.19\bin;C:\JPMC\DEV\TMP\ds\tools\cf7\latest;C:\JPMC\DEV\TMP\ds\tools\clink\latest;C:\JPMC\DEV\TMP\ds\tools\dev-shell-cli\2.3.11\bin;C:\JPMC\DEV\TMP\ds\tools\dev-shell-cli\2.3.11\conemu\ConEmu\Scripts;C:\JPMC\DEV\TMP\ds\tools\dev-shell-cli\2.3.11\conemu\ConEmu\..\..\bin;C:\JPMC\DEV\TMP\ds\tools\dev-shell-cli\2.3.11\conemu;C:\JPMC\DEV\TMP\ds\tools\dev-shell-cli\2.3.11\conemu\ConEmu;C:\Program Files (x86)\Common Files\Oracle\Java\javapath;C:\Program Files\Micro Focus\Reflection\;C:\windows\system32;C:\windows;C:\windows\System32\Wbem;C:\windows\System32\WindowsPowerShell\v1.0\;C:\Program Files\aim\aim-install\bin\;C:\Program Files\PKWARE\SCCLI;C:\Program Files\dotnet\;C:\Program Files\Citrix\System32\;C:\Program Files\Citrix\ICAService\;C:\Users\F733591\AppData\Local\Microsoft\WindowsApps;;."/>
    <property name="maven.conf" value="C:\JPMC\DEV\TMP\ds\tools\maven3.8\latest/conf"/>
    <property name="jdk.debug" value="release"/>
    <property name="java.class.version" value="61.0"/>
    <property name="java.specification.name" value="Java Platform API Specification"/>
    <property name="sun.management.compiler" value="HotSpot 64-Bit Tiered Compilers"/>
    <property name="os.version" value="10.0"/>
    <property name="library.jansi.path" value="C:\JPMC\DEV\TMP\ds\tools\maven3.8\latest\lib\jansi-native"/>
    <property name="user.home" value="C:\Users\F733591"/>
    <property name="user.timezone" value="Europe/London"/>
    <property name="sonar.host.url" value="http://localhost:9000"/>
    <property name="file.encoding" value="Cp1252"/>
    <property name="java.specification.version" value="17"/>
    <property name="user.name" value="F733591"/>
    <property name="java.class.path" value="C:\JPMC\DEV\TMP\ds\tools\maven3.8\latest\boot\plexus-classworlds-2.6.0.jar"/>
    <property name="java.vm.specification.version" value="17"/>
    <property name="sun.arch.data.model" value="64"/>
    <property name="sun.java.command" value="org.codehaus.plexus.classworlds.launcher.Launcher clean verify sonar:sonar -Dsonar.login=admin -Dsonar.password=Sonar9595 -Dsonar.host.url=http://localhost:9000"/>
    <property name="java.home" value="C:\JPMC\DEV\TMP\ds\tools\jdk17\latest"/>
    <property name="user.language" value="en"/>
    <property name="java.specification.vendor" value="Oracle Corporation"/>
    <property name="java.vm.info" value="mixed mode, sharing"/>
    <property name="java.version" value="17.0.6"/>
    <property name="native.encoding" value="Cp1252"/>
    <property name="java.vendor" value="Oracle Corporation"/>
    <property name="sun.stderr.encoding" value="cp850"/>
    <property name="maven.home" value="C:\JPMC\DEV\TMP\ds\tools\maven3.8\latest"/>
    <property name="file.separator" value="\"/>
    <property name="java.version.date" value="2023-01-17"/>
    <property name="java.vendor.url.bug" value="https://bugreport.java.com/bugreport/"/>
    <property name="sun.io.unicode.encoding" value="UnicodeLittle"/>
    <property name="sun.cpu.endian" value="little"/>
    <property name="sun.stdout.encoding" value="cp850"/>
    <property name="sun.cpu.isalist" value="amd64"/>
  </properties>
  <testcase classname="com.acme.basic.HelloWorldTest" name="sayHello" time="0.005"/>
</testsuite>